<?xml version="1.0" encoding="UTF-8"?>
<coverage generated="1582025784727" clover="3.2.0">
  <project timestamp="1582025784727" name="All files">
    <metrics statements="46" coveredstatements="33" conditionals="32" coveredconditionals="25" methods="18" coveredmethods="12" elements="96" coveredelements="70" complexity="0" loc="46" ncloc="46" packages="1" files="1" classes="1"/>
    <file name="index.js" path="/Users/alex/Desktop/Projects/GITHUB/simply-fetch/src/index.js">
      <metrics statements="46" coveredstatements="33" conditionals="32" coveredconditionals="25" methods="18" coveredmethods="12"/>
      <line num="2" count="14" type="stmt"/>
      <line num="3" count="14" type="stmt"/>
      <line num="4" count="14" type="stmt"/>
      <line num="5" count="14" type="stmt"/>
      <line num="6" count="14" type="cond" truecount="2" falsecount="0"/>
      <line num="13" count="14" type="stmt"/>
      <line num="14" count="14" type="stmt"/>
      <line num="36" count="14" type="stmt"/>
      <line num="37" count="14" type="stmt"/>
      <line num="42" count="14" type="stmt"/>
      <line num="43" count="15" type="stmt"/>
      <line num="44" count="15" type="stmt"/>
      <line num="45" count="0" type="stmt"/>
      <line num="46" count="0" type="stmt"/>
      <line num="48" count="15" type="stmt"/>
      <line num="50" count="13" type="stmt"/>
      <line num="51" count="13" type="cond" truecount="1" falsecount="1"/>
      <line num="52" count="13" type="cond" truecount="1" falsecount="1"/>
      <line num="53" count="0" type="stmt"/>
      <line num="55" count="13" type="stmt"/>
      <line num="60" count="0" type="cond" truecount="0" falsecount="2"/>
      <line num="61" count="0" type="stmt"/>
      <line num="65" count="15" type="stmt"/>
      <line num="68" count="14" type="stmt"/>
      <line num="69" count="0" type="stmt"/>
      <line num="70" count="0" type="cond" truecount="0" falsecount="2"/>
      <line num="71" count="0" type="stmt"/>
      <line num="74" count="0" type="stmt"/>
      <line num="77" count="14" type="stmt"/>
      <line num="78" count="0" type="stmt"/>
      <line num="79" count="0" type="stmt"/>
      <line num="82" count="14" type="stmt"/>
      <line num="83" count="0" type="stmt"/>
      <line num="84" count="0" type="stmt"/>
      <line num="88" count="1" type="stmt"/>
      <line num="91" count="1" type="stmt"/>
      <line num="97" count="1" type="cond" truecount="1" falsecount="0"/>
      <line num="98" count="7" type="stmt"/>
      <line num="101" count="1" type="cond" truecount="1" falsecount="0"/>
      <line num="102" count="4" type="stmt"/>
      <line num="105" count="1" type="cond" truecount="1" falsecount="0"/>
      <line num="106" count="1" type="stmt"/>
      <line num="109" count="1" type="cond" truecount="1" falsecount="0"/>
      <line num="110" count="1" type="stmt"/>
      <line num="113" count="1" type="cond" truecount="1" falsecount="0"/>
      <line num="114" count="1" type="stmt"/>
    </file>
  </project>
</coverage>
