{"/Users/alex/Desktop/Projects/GITHUB/simply-fetch/src/index.js": {"path":"/Users/alex/Desktop/Projects/GITHUB/simply-fetch/src/index.js","statementMap":{"0":{"start":{"line":1,"column":15},"end":{"line":7,"column":1}},"1":{"start":{"line":9,"column":0},"end":{"line":70,"column":2}},"2":{"start":{"line":11,"column":21},"end":{"line":18,"column":3}},"3":{"start":{"line":12,"column":24},"end":{"line":12,"column":43}},"4":{"start":{"line":13,"column":4},"end":{"line":17,"column":16}},"5":{"start":{"line":20,"column":23},"end":{"line":39,"column":3}},"6":{"start":{"line":21,"column":4},"end":{"line":38,"column":6}},"7":{"start":{"line":41,"column":23},"end":{"line":51,"column":3}},"8":{"start":{"line":42,"column":4},"end":{"line":50,"column":7}},"9":{"start":{"line":45,"column":8},"end":{"line":48,"column":9}},"10":{"start":{"line":46,"column":16},"end":{"line":46,"column":83}},"11":{"start":{"line":53,"column":26},"end":{"line":55,"column":3}},"12":{"start":{"line":54,"column":4},"end":{"line":54,"column":37}},"13":{"start":{"line":54,"column":22},"end":{"line":54,"column":37}},"14":{"start":{"line":57,"column":2},"end":{"line":69,"column":3}},"15":{"start":{"line":58,"column":21},"end":{"line":61,"column":5}},"16":{"start":{"line":62,"column":4},"end":{"line":62,"column":30}},"17":{"start":{"line":63,"column":32},"end":{"line":63,"column":68}},"18":{"start":{"line":64,"column":4},"end":{"line":66,"column":30}},"19":{"start":{"line":68,"column":4},"end":{"line":68,"column":16}},"20":{"start":{"line":72,"column":0},"end":{"line":74,"column":2}},"21":{"start":{"line":73,"column":2},"end":{"line":73,"column":50}},"22":{"start":{"line":76,"column":0},"end":{"line":78,"column":2}},"23":{"start":{"line":77,"column":2},"end":{"line":77,"column":57}},"24":{"start":{"line":80,"column":0},"end":{"line":82,"column":2}},"25":{"start":{"line":81,"column":2},"end":{"line":81,"column":56}},"26":{"start":{"line":84,"column":0},"end":{"line":86,"column":2}},"27":{"start":{"line":85,"column":2},"end":{"line":85,"column":53}},"28":{"start":{"line":88,"column":0},"end":{"line":90,"column":2}},"29":{"start":{"line":89,"column":2},"end":{"line":89,"column":58}}},"fnMap":{"0":{"name":"(anonymous_0)","decl":{"start":{"line":4,"column":11},"end":{"line":4,"column":12}},"loc":{"start":{"line":4,"column":17},"end":{"line":4,"column":19}},"line":4},"1":{"name":"(anonymous_1)","decl":{"start":{"line":9,"column":14},"end":{"line":9,"column":15}},"loc":{"start":{"line":9,"column":59},"end":{"line":70,"column":1}},"line":9},"2":{"name":"(anonymous_2)","decl":{"start":{"line":11,"column":21},"end":{"line":11,"column":22}},"loc":{"start":{"line":11,"column":37},"end":{"line":18,"column":3}},"line":11},"3":{"name":"(anonymous_3)","decl":{"start":{"line":20,"column":23},"end":{"line":20,"column":24}},"loc":{"start":{"line":20,"column":71},"end":{"line":39,"column":3}},"line":20},"4":{"name":"(anonymous_4)","decl":{"start":{"line":41,"column":23},"end":{"line":41,"column":24}},"loc":{"start":{"line":41,"column":46},"end":{"line":51,"column":3}},"line":41},"5":{"name":"(anonymous_5)","decl":{"start":{"line":44,"column":18},"end":{"line":44,"column":19}},"loc":{"start":{"line":45,"column":8},"end":{"line":48,"column":9}},"line":45},"6":{"name":"(anonymous_6)","decl":{"start":{"line":46,"column":10},"end":{"line":46,"column":11}},"loc":{"start":{"line":46,"column":16},"end":{"line":46,"column":83}},"line":46},"7":{"name":"(anonymous_7)","decl":{"start":{"line":53,"column":26},"end":{"line":53,"column":27}},"loc":{"start":{"line":53,"column":45},"end":{"line":55,"column":3}},"line":53},"8":{"name":"(anonymous_8)","decl":{"start":{"line":72,"column":13},"end":{"line":72,"column":14}},"loc":{"start":{"line":72,"column":49},"end":{"line":74,"column":1}},"line":72},"9":{"name":"(anonymous_9)","decl":{"start":{"line":76,"column":14},"end":{"line":76,"column":15}},"loc":{"start":{"line":76,"column":61},"end":{"line":78,"column":1}},"line":76},"10":{"name":"(anonymous_10)","decl":{"start":{"line":80,"column":13},"end":{"line":80,"column":14}},"loc":{"start":{"line":80,"column":59},"end":{"line":82,"column":1}},"line":80},"11":{"name":"(anonymous_11)","decl":{"start":{"line":84,"column":16},"end":{"line":84,"column":17}},"loc":{"start":{"line":84,"column":52},"end":{"line":86,"column":1}},"line":84},"12":{"name":"(anonymous_12)","decl":{"start":{"line":88,"column":15},"end":{"line":88,"column":16}},"loc":{"start":{"line":88,"column":62},"end":{"line":90,"column":1}},"line":88}},"branchMap":{"0":{"loc":{"start":{"line":13,"column":11},"end":{"line":17,"column":15}},"type":"cond-expr","locations":[{"start":{"line":14,"column":8},"end":{"line":14,"column":70}},{"start":{"line":15,"column":8},"end":{"line":17,"column":15}}],"line":13},"1":{"loc":{"start":{"line":15,"column":8},"end":{"line":17,"column":15}},"type":"cond-expr","locations":[{"start":{"line":16,"column":10},"end":{"line":16,"column":45}},{"start":{"line":17,"column":10},"end":{"line":17,"column":15}}],"line":15},"2":{"loc":{"start":{"line":24,"column":12},"end":{"line":26,"column":9}},"type":"binary-expr","locations":[{"start":{"line":24,"column":12},"end":{"line":24,"column":33}},{"start":{"line":24,"column":37},"end":{"line":26,"column":9}}],"line":24},"3":{"loc":{"start":{"line":28,"column":10},"end":{"line":28,"column":91}},"type":"cond-expr","locations":[{"start":{"line":28,"column":47},"end":{"line":28,"column":70}},{"start":{"line":28,"column":73},"end":{"line":28,"column":91}}],"line":28},"4":{"loc":{"start":{"line":28,"column":10},"end":{"line":28,"column":44}},"type":"binary-expr","locations":[{"start":{"line":28,"column":10},"end":{"line":28,"column":17}},{"start":{"line":28,"column":21},"end":{"line":28,"column":44}}],"line":28},"5":{"loc":{"start":{"line":31,"column":10},"end":{"line":36,"column":7}},"type":"binary-expr","locations":[{"start":{"line":31,"column":10},"end":{"line":31,"column":14}},{"start":{"line":31,"column":18},"end":{"line":36,"column":7}}],"line":31},"6":{"loc":{"start":{"line":33,"column":10},"end":{"line":35,"column":34}},"type":"cond-expr","locations":[{"start":{"line":34,"column":14},"end":{"line":34,"column":18}},{"start":{"line":35,"column":14},"end":{"line":35,"column":34}}],"line":33},"7":{"loc":{"start":{"line":33,"column":10},"end":{"line":33,"column":101}},"type":"binary-expr","locations":[{"start":{"line":33,"column":10},"end":{"line":33,"column":17}},{"start":{"line":33,"column":21},"end":{"line":33,"column":44}},{"start":{"line":33,"column":48},"end":{"line":33,"column":101}}],"line":33},"8":{"loc":{"start":{"line":54,"column":4},"end":{"line":54,"column":37}},"type":"if","locations":[{"start":{"line":54,"column":4},"end":{"line":54,"column":37}},{"start":{"line":54,"column":4},"end":{"line":54,"column":37}}],"line":54},"9":{"loc":{"start":{"line":64,"column":11},"end":{"line":66,"column":29}},"type":"cond-expr","locations":[{"start":{"line":65,"column":8},"end":{"line":65,"column":29}},{"start":{"line":66,"column":8},"end":{"line":66,"column":29}}],"line":64},"10":{"loc":{"start":{"line":64,"column":11},"end":{"line":64,"column":70}},"type":"binary-expr","locations":[{"start":{"line":64,"column":11},"end":{"line":64,"column":30}},{"start":{"line":64,"column":34},"end":{"line":64,"column":70}}],"line":64},"11":{"loc":{"start":{"line":72,"column":35},"end":{"line":72,"column":47}},"type":"default-arg","locations":[{"start":{"line":72,"column":45},"end":{"line":72,"column":47}}],"line":72},"12":{"loc":{"start":{"line":76,"column":36},"end":{"line":76,"column":45}},"type":"default-arg","locations":[{"start":{"line":76,"column":43},"end":{"line":76,"column":45}}],"line":76},"13":{"loc":{"start":{"line":76,"column":47},"end":{"line":76,"column":59}},"type":"default-arg","locations":[{"start":{"line":76,"column":57},"end":{"line":76,"column":59}}],"line":76},"14":{"loc":{"start":{"line":80,"column":35},"end":{"line":80,"column":44}},"type":"default-arg","locations":[{"start":{"line":80,"column":42},"end":{"line":80,"column":44}}],"line":80},"15":{"loc":{"start":{"line":80,"column":46},"end":{"line":80,"column":57}},"type":"default-arg","locations":[{"start":{"line":80,"column":55},"end":{"line":80,"column":57}}],"line":80},"16":{"loc":{"start":{"line":84,"column":38},"end":{"line":84,"column":50}},"type":"default-arg","locations":[{"start":{"line":84,"column":48},"end":{"line":84,"column":50}}],"line":84},"17":{"loc":{"start":{"line":88,"column":37},"end":{"line":88,"column":46}},"type":"default-arg","locations":[{"start":{"line":88,"column":44},"end":{"line":88,"column":46}}],"line":88},"18":{"loc":{"start":{"line":88,"column":48},"end":{"line":88,"column":60}},"type":"default-arg","locations":[{"start":{"line":88,"column":58},"end":{"line":88,"column":60}}],"line":88}},"s":{"0":1,"1":1,"2":5,"3":5,"4":5,"5":5,"6":5,"7":5,"8":5,"9":5,"10":1,"11":5,"12":4,"13":0,"14":5,"15":5,"16":4,"17":4,"18":4,"19":1,"20":1,"21":5,"22":1,"23":0,"24":1,"25":0,"26":1,"27":0,"28":1,"29":0},"f":{"0":0,"1":5,"2":5,"3":5,"4":5,"5":5,"6":1,"7":4,"8":5,"9":0,"10":0,"11":0,"12":0},"b":{"0":[1,4],"1":[2,2],"2":[5,5],"3":[0,5],"4":[5,0],"5":[5,0],"6":[0,0],"7":[0,0,0],"8":[0,4],"9":[0,4],"10":[4,4],"11":[5],"12":[0],"13":[0],"14":[0],"15":[0],"16":[0],"17":[0],"18":[0]},"_coverageSchema":"1a1c01bbd47fc00a2c39e90264f33305004495a9","hash":"dc01942cbcecdafba19942b22be49fe9a7f1ce4e"}
}
