{"total": {"lines":{"total":40,"covered":29,"skipped":0,"pct":72.5},"statements":{"total":40,"covered":29,"skipped":0,"pct":72.5},"functions":{"total":17,"covered":12,"skipped":0,"pct":70.59},"branches":{"total":33,"covered":23,"skipped":0,"pct":69.7}}
,"/Users/alex/Desktop/Projects/GITHUB/simply-fetch/src/index.js": {"lines":{"total":40,"covered":29,"skipped":0,"pct":72.5},"functions":{"total":17,"covered":12,"skipped":0,"pct":70.59},"statements":{"total":40,"covered":29,"skipped":0,"pct":72.5},"branches":{"total":33,"covered":23,"skipped":0,"pct":69.7}}
}
