{"/Users/alex/Desktop/Projects/GITHUB/simply-fetch/src/index.js": {"path":"/Users/alex/Desktop/Projects/GITHUB/simply-fetch/src/index.js","statementMap":{"0":{"start":{"line":2,"column":2},"end":{"line":2,"column":23}},"1":{"start":{"line":3,"column":2},"end":{"line":3,"column":27}},"2":{"start":{"line":4,"column":2},"end":{"line":4,"column":30}},"3":{"start":{"line":6,"column":22},"end":{"line":15,"column":3}},"4":{"start":{"line":17,"column":21},"end":{"line":23,"column":3}},"5":{"start":{"line":18,"column":4},"end":{"line":22,"column":14}},"6":{"start":{"line":25,"column":23},"end":{"line":48,"column":3}},"7":{"start":{"line":26,"column":4},"end":{"line":47,"column":6}},"8":{"start":{"line":50,"column":2},"end":{"line":50,"column":42}},"9":{"start":{"line":51,"column":2},"end":{"line":54,"column":4}},"10":{"start":{"line":56,"column":2},"end":{"line":80,"column":4}},"11":{"start":{"line":57,"column":4},"end":{"line":78,"column":7}},"12":{"start":{"line":58,"column":6},"end":{"line":61,"column":30}},"13":{"start":{"line":59,"column":8},"end":{"line":59,"column":35}},"14":{"start":{"line":60,"column":8},"end":{"line":60,"column":74}},"15":{"start":{"line":62,"column":6},"end":{"line":77,"column":11}},"16":{"start":{"line":64,"column":10},"end":{"line":64,"column":37}},"17":{"start":{"line":65,"column":10},"end":{"line":71,"column":11}},"18":{"start":{"line":66,"column":12},"end":{"line":70,"column":13}},"19":{"start":{"line":67,"column":14},"end":{"line":67,"column":31}},"20":{"start":{"line":69,"column":14},"end":{"line":69,"column":42}},"21":{"start":{"line":74,"column":10},"end":{"line":76,"column":11}},"22":{"start":{"line":75,"column":12},"end":{"line":75,"column":26}},"23":{"start":{"line":79,"column":4},"end":{"line":79,"column":16}},"24":{"start":{"line":82,"column":2},"end":{"line":89,"column":4}},"25":{"start":{"line":83,"column":4},"end":{"line":87,"column":7}},"26":{"start":{"line":84,"column":6},"end":{"line":86,"column":7}},"27":{"start":{"line":85,"column":8},"end":{"line":85,"column":31}},"28":{"start":{"line":88,"column":4},"end":{"line":88,"column":16}},"29":{"start":{"line":91,"column":2},"end":{"line":94,"column":4}},"30":{"start":{"line":92,"column":4},"end":{"line":92,"column":58}},"31":{"start":{"line":93,"column":4},"end":{"line":93,"column":16}},"32":{"start":{"line":96,"column":2},"end":{"line":99,"column":4}},"33":{"start":{"line":97,"column":4},"end":{"line":97,"column":31}},"34":{"start":{"line":98,"column":4},"end":{"line":98,"column":28}},"35":{"start":{"line":102,"column":15},"end":{"line":109,"column":1}},"36":{"start":{"line":105,"column":17},"end":{"line":105,"column":26}},"37":{"start":{"line":111,"column":0},"end":{"line":113,"column":2}},"38":{"start":{"line":112,"column":2},"end":{"line":112,"column":65}},"39":{"start":{"line":115,"column":0},"end":{"line":117,"column":2}},"40":{"start":{"line":116,"column":2},"end":{"line":116,"column":66}},"41":{"start":{"line":119,"column":0},"end":{"line":121,"column":2}},"42":{"start":{"line":120,"column":2},"end":{"line":120,"column":65}},"43":{"start":{"line":123,"column":0},"end":{"line":125,"column":2}},"44":{"start":{"line":124,"column":2},"end":{"line":124,"column":68}},"45":{"start":{"line":127,"column":0},"end":{"line":129,"column":2}},"46":{"start":{"line":128,"column":2},"end":{"line":128,"column":67}}},"fnMap":{"0":{"name":"ExtendedFetch","decl":{"start":{"line":1,"column":9},"end":{"line":1,"column":22}},"loc":{"start":{"line":1,"column":55},"end":{"line":100,"column":1}},"line":1},"1":{"name":"(anonymous_1)","decl":{"start":{"line":17,"column":21},"end":{"line":17,"column":22}},"loc":{"start":{"line":17,"column":37},"end":{"line":23,"column":3}},"line":17},"2":{"name":"(anonymous_2)","decl":{"start":{"line":25,"column":23},"end":{"line":25,"column":24}},"loc":{"start":{"line":25,"column":71},"end":{"line":48,"column":3}},"line":25},"3":{"name":"(anonymous_3)","decl":{"start":{"line":56,"column":14},"end":{"line":56,"column":15}},"loc":{"start":{"line":56,"column":33},"end":{"line":80,"column":3}},"line":56},"4":{"name":"(anonymous_4)","decl":{"start":{"line":57,"column":35},"end":{"line":57,"column":36}},"loc":{"start":{"line":57,"column":56},"end":{"line":78,"column":5}},"line":57},"5":{"name":"(anonymous_5)","decl":{"start":{"line":58,"column":32},"end":{"line":58,"column":33}},"loc":{"start":{"line":58,"column":38},"end":{"line":61,"column":7}},"line":58},"6":{"name":"(anonymous_6)","decl":{"start":{"line":63,"column":14},"end":{"line":63,"column":15}},"loc":{"start":{"line":63,"column":26},"end":{"line":72,"column":9}},"line":63},"7":{"name":"(anonymous_7)","decl":{"start":{"line":73,"column":15},"end":{"line":73,"column":16}},"loc":{"start":{"line":73,"column":24},"end":{"line":77,"column":9}},"line":73},"8":{"name":"(anonymous_8)","decl":{"start":{"line":82,"column":15},"end":{"line":82,"column":16}},"loc":{"start":{"line":82,"column":34},"end":{"line":89,"column":3}},"line":82},"9":{"name":"(anonymous_9)","decl":{"start":{"line":83,"column":46},"end":{"line":83,"column":47}},"loc":{"start":{"line":83,"column":55},"end":{"line":87,"column":5}},"line":83},"10":{"name":"(anonymous_10)","decl":{"start":{"line":91,"column":17},"end":{"line":91,"column":18}},"loc":{"start":{"line":91,"column":36},"end":{"line":94,"column":3}},"line":91},"11":{"name":"(anonymous_11)","decl":{"start":{"line":96,"column":15},"end":{"line":96,"column":16}},"loc":{"start":{"line":96,"column":26},"end":{"line":99,"column":3}},"line":96},"12":{"name":"(anonymous_12)","decl":{"start":{"line":105,"column":11},"end":{"line":105,"column":12}},"loc":{"start":{"line":105,"column":17},"end":{"line":105,"column":26}},"line":105},"13":{"name":"(anonymous_13)","decl":{"start":{"line":111,"column":13},"end":{"line":111,"column":14}},"loc":{"start":{"line":111,"column":43},"end":{"line":113,"column":1}},"line":111},"14":{"name":"(anonymous_14)","decl":{"start":{"line":115,"column":14},"end":{"line":115,"column":15}},"loc":{"start":{"line":115,"column":44},"end":{"line":117,"column":1}},"line":115},"15":{"name":"(anonymous_15)","decl":{"start":{"line":119,"column":13},"end":{"line":119,"column":14}},"loc":{"start":{"line":119,"column":43},"end":{"line":121,"column":1}},"line":119},"16":{"name":"(anonymous_16)","decl":{"start":{"line":123,"column":16},"end":{"line":123,"column":17}},"loc":{"start":{"line":123,"column":46},"end":{"line":125,"column":1}},"line":123},"17":{"name":"(anonymous_17)","decl":{"start":{"line":127,"column":15},"end":{"line":127,"column":16}},"loc":{"start":{"line":127,"column":45},"end":{"line":129,"column":1}},"line":127}},"branchMap":{"0":{"loc":{"start":{"line":18,"column":11},"end":{"line":22,"column":13}},"type":"cond-expr","locations":[{"start":{"line":19,"column":8},"end":{"line":19,"column":70}},{"start":{"line":20,"column":8},"end":{"line":22,"column":13}}],"line":18},"1":{"loc":{"start":{"line":20,"column":8},"end":{"line":22,"column":13}},"type":"cond-expr","locations":[{"start":{"line":21,"column":8},"end":{"line":21,"column":36}},{"start":{"line":22,"column":8},"end":{"line":22,"column":13}}],"line":20},"2":{"loc":{"start":{"line":29,"column":12},"end":{"line":31,"column":9}},"type":"binary-expr","locations":[{"start":{"line":29,"column":12},"end":{"line":29,"column":26}},{"start":{"line":29,"column":30},"end":{"line":31,"column":9}}],"line":29},"3":{"loc":{"start":{"line":30,"column":28},"end":{"line":30,"column":74}},"type":"cond-expr","locations":[{"start":{"line":30,"column":47},"end":{"line":30,"column":69}},{"start":{"line":30,"column":72},"end":{"line":30,"column":74}}],"line":30},"4":{"loc":{"start":{"line":32,"column":12},"end":{"line":35,"column":9}},"type":"binary-expr","locations":[{"start":{"line":32,"column":12},"end":{"line":32,"column":41}},{"start":{"line":32,"column":45},"end":{"line":35,"column":9}}],"line":32},"5":{"loc":{"start":{"line":34,"column":12},"end":{"line":34,"column":93}},"type":"cond-expr","locations":[{"start":{"line":34,"column":49},"end":{"line":34,"column":72}},{"start":{"line":34,"column":75},"end":{"line":34,"column":93}}],"line":34},"6":{"loc":{"start":{"line":34,"column":12},"end":{"line":34,"column":46}},"type":"binary-expr","locations":[{"start":{"line":34,"column":12},"end":{"line":34,"column":19}},{"start":{"line":34,"column":23},"end":{"line":34,"column":46}}],"line":34},"7":{"loc":{"start":{"line":38,"column":10},"end":{"line":45,"column":7}},"type":"binary-expr","locations":[{"start":{"line":38,"column":10},"end":{"line":38,"column":14}},{"start":{"line":38,"column":18},"end":{"line":45,"column":7}}],"line":38},"8":{"loc":{"start":{"line":40,"column":10},"end":{"line":44,"column":34}},"type":"cond-expr","locations":[{"start":{"line":43,"column":14},"end":{"line":43,"column":18}},{"start":{"line":44,"column":14},"end":{"line":44,"column":34}}],"line":40},"9":{"loc":{"start":{"line":40,"column":10},"end":{"line":42,"column":63}},"type":"binary-expr","locations":[{"start":{"line":40,"column":10},"end":{"line":40,"column":17}},{"start":{"line":41,"column":10},"end":{"line":41,"column":33}},{"start":{"line":42,"column":10},"end":{"line":42,"column":63}}],"line":40},"10":{"loc":{"start":{"line":65,"column":10},"end":{"line":71,"column":11}},"type":"if","locations":[{"start":{"line":65,"column":10},"end":{"line":71,"column":11}},{"start":{"line":65,"column":10},"end":{"line":71,"column":11}}],"line":65},"11":{"loc":{"start":{"line":66,"column":12},"end":{"line":70,"column":13}},"type":"if","locations":[{"start":{"line":66,"column":12},"end":{"line":70,"column":13}},{"start":{"line":66,"column":12},"end":{"line":70,"column":13}}],"line":66},"12":{"loc":{"start":{"line":74,"column":10},"end":{"line":76,"column":11}},"type":"if","locations":[{"start":{"line":74,"column":10},"end":{"line":76,"column":11}},{"start":{"line":74,"column":10},"end":{"line":76,"column":11}}],"line":74},"13":{"loc":{"start":{"line":84,"column":6},"end":{"line":86,"column":7}},"type":"if","locations":[{"start":{"line":84,"column":6},"end":{"line":86,"column":7}},{"start":{"line":84,"column":6},"end":{"line":86,"column":7}}],"line":84},"14":{"loc":{"start":{"line":111,"column":29},"end":{"line":111,"column":41}},"type":"default-arg","locations":[{"start":{"line":111,"column":39},"end":{"line":111,"column":41}}],"line":111},"15":{"loc":{"start":{"line":115,"column":30},"end":{"line":115,"column":42}},"type":"default-arg","locations":[{"start":{"line":115,"column":40},"end":{"line":115,"column":42}}],"line":115},"16":{"loc":{"start":{"line":119,"column":29},"end":{"line":119,"column":41}},"type":"default-arg","locations":[{"start":{"line":119,"column":39},"end":{"line":119,"column":41}}],"line":119},"17":{"loc":{"start":{"line":123,"column":32},"end":{"line":123,"column":44}},"type":"default-arg","locations":[{"start":{"line":123,"column":42},"end":{"line":123,"column":44}}],"line":123},"18":{"loc":{"start":{"line":127,"column":31},"end":{"line":127,"column":43}},"type":"default-arg","locations":[{"start":{"line":127,"column":41},"end":{"line":127,"column":43}}],"line":127}},"s":{"0":14,"1":14,"2":14,"3":14,"4":14,"5":14,"6":14,"7":14,"8":14,"9":14,"10":14,"11":15,"12":15,"13":0,"14":0,"15":15,"16":13,"17":13,"18":13,"19":0,"20":13,"21":0,"22":0,"23":15,"24":14,"25":0,"26":0,"27":0,"28":0,"29":14,"30":0,"31":0,"32":14,"33":0,"34":0,"35":1,"36":1,"37":1,"38":7,"39":1,"40":4,"41":1,"42":1,"43":1,"44":1,"45":1,"46":1},"f":{"0":14,"1":14,"2":14,"3":15,"4":15,"5":0,"6":13,"7":0,"8":0,"9":0,"10":0,"11":0,"12":1,"13":7,"14":4,"15":1,"16":1,"17":1},"b":{"0":[9,5],"1":[3,2],"2":[14,14],"3":[14,0],"4":[14,6],"5":[2,4],"6":[6,2],"7":[14,3],"8":[1,2],"9":[3,2,2],"10":[13,0],"11":[0,13],"12":[0,0],"13":[0,0],"14":[7],"15":[1],"16":[1],"17":[1],"18":[1]},"_coverageSchema":"1a1c01bbd47fc00a2c39e90264f33305004495a9","hash":"beecc914b9cd611317a2ac23360405c2999eec08"}
}
