{"total": {"lines":{"total":30,"covered":30,"skipped":0,"pct":100},"statements":{"total":31,"covered":30,"skipped":0,"pct":96.77},"functions":{"total":13,"covered":13,"skipped":0,"pct":100},"branches":{"total":31,"covered":24,"skipped":0,"pct":77.42}}
,"/Users/alex/Desktop/Projects/GITHUB/simply-fetch/src/index.js": {"lines":{"total":30,"covered":30,"skipped":0,"pct":100},"functions":{"total":13,"covered":13,"skipped":0,"pct":100},"statements":{"total":31,"covered":30,"skipped":0,"pct":96.77},"branches":{"total":31,"covered":24,"skipped":0,"pct":77.42}}
}
