TN:
SF:src/index.js
FN:4,(anonymous_0)
FN:9,(anonymous_1)
FN:11,(anonymous_2)
FN:20,(anonymous_3)
FN:41,(anonymous_4)
FN:44,(anonymous_5)
FN:46,(anonymous_6)
FN:53,(anonymous_7)
FN:72,(anonymous_8)
FN:76,(anonymous_9)
FN:80,(anonymous_10)
FN:84,(anonymous_11)
FN:88,(anonymous_12)
FNF:13
FNH:8
FNDA:0,(anonymous_0)
FNDA:5,(anonymous_1)
FNDA:5,(anonymous_2)
FNDA:5,(anonymous_3)
FNDA:5,(anonymous_4)
FNDA:5,(anonymous_5)
FNDA:1,(anonymous_6)
FNDA:4,(anonymous_7)
FNDA:5,(anonymous_8)
FNDA:0,(anonymous_9)
FNDA:0,(anonymous_10)
FNDA:0,(anonymous_11)
FNDA:0,(anonymous_12)
DA:1,1
DA:9,1
DA:11,5
DA:12,5
DA:13,5
DA:20,5
DA:21,5
DA:41,5
DA:42,5
DA:45,5
DA:46,1
DA:53,5
DA:54,4
DA:57,5
DA:58,5
DA:62,4
DA:63,4
DA:64,4
DA:68,1
DA:72,1
DA:73,5
DA:76,1
DA:77,0
DA:80,1
DA:81,0
DA:84,1
DA:85,0
DA:88,1
DA:89,0
LF:29
LH:25
BRDA:13,0,0,1
BRDA:13,0,1,4
BRDA:15,1,0,2
BRDA:15,1,1,2
BRDA:24,2,0,5
BRDA:24,2,1,5
BRDA:28,3,0,0
BRDA:28,3,1,5
BRDA:28,4,0,5
BRDA:28,4,1,0
BRDA:31,5,0,5
BRDA:31,5,1,0
BRDA:33,6,0,0
BRDA:33,6,1,0
BRDA:33,7,0,0
BRDA:33,7,1,0
BRDA:33,7,2,0
BRDA:54,8,0,0
BRDA:54,8,1,4
BRDA:64,9,0,0
BRDA:64,9,1,4
BRDA:64,10,0,4
BRDA:64,10,1,4
BRDA:72,11,0,5
BRDA:76,12,0,0
BRDA:76,13,0,0
BRDA:80,14,0,0
BRDA:80,15,0,0
BRDA:84,16,0,0
BRDA:88,17,0,0
BRDA:88,18,0,0
BRF:31
BRH:14
end_of_record
