TN:
SF:src/index.js
FN:1,ExtendedFetch
FN:5,(anonymous_1)
FN:13,(anonymous_2)
FN:42,(anonymous_3)
FN:43,(anonymous_4)
FN:44,(anonymous_5)
FN:49,(anonymous_6)
FN:59,(anonymous_7)
FN:68,(anonymous_8)
FN:69,(anonymous_9)
FN:77,(anonymous_10)
FN:82,(anonymous_11)
FN:91,(anonymous_12)
FN:97,(anonymous_13)
FN:101,(anonymous_14)
FN:105,(anonymous_15)
FN:109,(anonymous_16)
FN:113,(anonymous_17)
FNF:18
FNH:12
FNDA:14,ExtendedFetch
FNDA:14,(anonymous_1)
FNDA:14,(anonymous_2)
FNDA:15,(anonymous_3)
FNDA:15,(anonymous_4)
FNDA:0,(anonymous_5)
FNDA:13,(anonymous_6)
FNDA:0,(anonymous_7)
FNDA:0,(anonymous_8)
FNDA:0,(anonymous_9)
FNDA:0,(anonymous_10)
FNDA:0,(anonymous_11)
FNDA:1,(anonymous_12)
FNDA:7,(anonymous_13)
FNDA:4,(anonymous_14)
FNDA:1,(anonymous_15)
FNDA:1,(anonymous_16)
FNDA:1,(anonymous_17)
DA:2,14
DA:3,14
DA:4,14
DA:5,14
DA:6,14
DA:13,14
DA:14,14
DA:36,14
DA:37,14
DA:42,14
DA:43,15
DA:44,15
DA:45,0
DA:46,0
DA:48,15
DA:50,13
DA:51,13
DA:52,13
DA:53,0
DA:55,13
DA:60,0
DA:61,0
DA:65,15
DA:68,14
DA:69,0
DA:70,0
DA:71,0
DA:74,0
DA:77,14
DA:78,0
DA:79,0
DA:82,14
DA:83,0
DA:84,0
DA:88,1
DA:91,1
DA:97,1
DA:98,7
DA:101,1
DA:102,4
DA:105,1
DA:106,1
DA:109,1
DA:110,1
DA:113,1
DA:114,1
LF:46
LH:33
BRDA:6,0,0,9
BRDA:6,0,1,5
BRDA:8,1,0,3
BRDA:8,1,1,2
BRDA:17,2,0,14
BRDA:17,2,1,14
BRDA:18,3,0,14
BRDA:18,3,1,0
BRDA:21,4,0,2
BRDA:21,4,1,12
BRDA:21,5,0,14
BRDA:21,5,1,2
BRDA:24,6,0,14
BRDA:24,6,1,3
BRDA:26,7,0,1
BRDA:26,7,1,2
BRDA:26,8,0,3
BRDA:26,8,1,2
BRDA:26,8,2,2
BRDA:51,9,0,13
BRDA:51,9,1,0
BRDA:52,10,0,0
BRDA:52,10,1,13
BRDA:60,11,0,0
BRDA:60,11,1,0
BRDA:70,12,0,0
BRDA:70,12,1,0
BRDA:97,13,0,7
BRDA:101,14,0,1
BRDA:105,15,0,1
BRDA:109,16,0,1
BRDA:113,17,0,1
BRF:32
BRH:25
end_of_record
